Sweep flags:  --use-alpha-anneal --use-alpha-gate

=== Periodicity (periodicity) ===
Stage 1: Representation invariance metrics
Stage 2: Elliptical bonus metrics + heatmaps
Stage 3: PPO action distribution invariance (bonus-only)
  Training PPO for coord_only_rep...
  Training PPO for coord_only_goal_rep...
  Training PPO for coord_plus_nuisance_rep...
  Training PPO for coord_plus_nuisance_goal_rep...
  Training PPO for crtr_learned_rep...
  Training PPO for crtr_learned_goal_rep...
  Training PPO for idm_learned_rep...
  Training PPO for idm_learned_goal_rep...
Stage 4: Online joint representations + bonus + PPO (rep)

=== Periodicity (periodicity) ===
Stage 1: Representation invariance metrics
Stage 2: Elliptical bonus metrics + heatmaps
Stage 3: PPO action distribution invariance (bonus-only)
  Training PPO for coord_only_raw...
  Training PPO for coord_only_goal_raw...
  Training PPO for coord_plus_nuisance_raw...
  Training PPO for coord_plus_nuisance_goal_raw...
  Training PPO for crtr_learned_raw...
  Training PPO for crtr_learned_goal_raw...
  Training PPO for idm_learned_raw...
  Training PPO for idm_learned_goal_raw...
Stage 4: Online joint representations + bonus + PPO (raw)
    train step   5000/20000 | loss=5.2414
    train step  10000/20000 | loss=5.2541
    train step  15000/20000 | loss=5.2547
    train step  20000/20000 | loss=5.2386
    train step   5000/20000 | loss=1.3870
    train step  10000/20000 | loss=1.3894
    train step  15000/20000 | loss=1.3846
    train step  20000/20000 | loss=1.3834

=== Delay Action Queue (slippery) ===
Stage 1: Representation invariance metrics
Stage 2: Elliptical bonus metrics + heatmaps
Stage 3: PPO action distribution invariance (bonus-only)
  Training PPO for coord_only_rep...
  Training PPO for coord_only_goal_rep...
  Training PPO for coord_plus_nuisance_rep...
  Training PPO for coord_plus_nuisance_goal_rep...
  Training PPO for crtr_learned_rep...
  Training PPO for crtr_learned_goal_rep...
  Training PPO for idm_learned_rep...
  Training PPO for idm_learned_goal_rep...
Stage 4: Online joint representations + bonus + PPO (rep)

=== Delay Action Queue (slippery) ===
Stage 1: Representation invariance metrics
Stage 2: Elliptical bonus metrics + heatmaps
Stage 3: PPO action distribution invariance (bonus-only)
  Training PPO for coord_only_raw...
  Training PPO for coord_only_goal_raw...
  Training PPO for coord_plus_nuisance_raw...
  Training PPO for coord_plus_nuisance_goal_raw...
  Training PPO for crtr_learned_raw...
  Training PPO for crtr_learned_goal_raw...
  Training PPO for idm_learned_raw...
  Training PPO for idm_learned_goal_raw...
Stage 4: Online joint representations + bonus + PPO (raw)
    train step   5000/20000 | loss=5.3118
    train step  10000/20000 | loss=5.3238
    train step  15000/20000 | loss=5.3321
    train step  20000/20000 | loss=5.3148
    train step   5000/20000 | loss=1.0218
    train step  10000/20000 | loss=0.8100
    train step  15000/20000 | loss=0.6196
    train step  20000/20000 | loss=0.5738

=== Teacup Maze (teacup) ===
Stage 1: Representation invariance metrics
Stage 2: Elliptical bonus metrics + heatmaps
Stage 3: PPO action distribution invariance (bonus-only)
  Training PPO for coord_only_rep...
  Training PPO for coord_only_goal_rep...
  Training PPO for coord_plus_nuisance_rep...
  Training PPO for coord_plus_nuisance_goal_rep...
  Training PPO for crtr_learned_rep...
  Training PPO for crtr_learned_goal_rep...
  Training PPO for idm_learned_rep...
  Training PPO for idm_learned_goal_rep...
Stage 4: Online joint representations + bonus + PPO (rep)

=== Teacup Maze (teacup) ===
Stage 1: Representation invariance metrics
Stage 2: Elliptical bonus metrics + heatmaps
Stage 3: PPO action distribution invariance (bonus-only)
  Training PPO for coord_only_raw...
  Training PPO for coord_only_goal_raw...
  Training PPO for coord_plus_nuisance_raw...
  Training PPO for coord_plus_nuisance_goal_raw...
  Training PPO for crtr_learned_raw...
  Training PPO for crtr_learned_goal_raw...
  Training PPO for idm_learned_raw...
  Training PPO for idm_learned_goal_raw...
Stage 4: Online joint representations + bonus + PPO (raw)
    train step   5000/20000 | loss=5.2385
    train step  10000/20000 | loss=5.2245
    train step  15000/20000 | loss=5.2130
    train step  20000/20000 | loss=5.2253
    train step   5000/20000 | loss=1.3364
    train step  10000/20000 | loss=1.2832
    train step  15000/20000 | loss=1.2848
    train step  20000/20000 | loss=1.2348

=== Periodicity (Large) (periodicity_large) ===
Stage 1: Representation invariance metrics
Stage 2: Elliptical bonus metrics + heatmaps
Stage 3: PPO action distribution invariance (bonus-only)
  Training PPO for coord_only_rep...
  Training PPO for coord_only_goal_rep...
  Training PPO for coord_plus_nuisance_rep...
  Training PPO for coord_plus_nuisance_goal_rep...
  Training PPO for crtr_learned_rep...
  Training PPO for crtr_learned_goal_rep...
  Training PPO for idm_learned_rep...
  Training PPO for idm_learned_goal_rep...
Stage 4: Online joint representations + bonus + PPO (rep)

=== Periodicity (Large) (periodicity_large) ===
Stage 1: Representation invariance metrics
Stage 2: Elliptical bonus metrics + heatmaps
Stage 3: PPO action distribution invariance (bonus-only)
  Training PPO for coord_only_raw...
  Training PPO for coord_only_goal_raw...
  Training PPO for coord_plus_nuisance_raw...
  Training PPO for coord_plus_nuisance_goal_raw...
  Training PPO for crtr_learned_raw...
  Training PPO for crtr_learned_goal_raw...
  Training PPO for idm_learned_raw...
  Training PPO for idm_learned_goal_raw...
Stage 4: Online joint representations + bonus + PPO (raw)
    train step   5000/20000 | loss=5.2292
    train step  10000/20000 | loss=5.2224
    train step  15000/20000 | loss=5.2170
    train step  20000/20000 | loss=5.2204
    train step   5000/20000 | loss=1.3847
    train step  10000/20000 | loss=1.3835
    train step  15000/20000 | loss=1.3763
    train step  20000/20000 | loss=1.3848

=== Delay Action Queue (Large) (slippery_large) ===
Stage 1: Representation invariance metrics
Stage 2: Elliptical bonus metrics + heatmaps
Stage 3: PPO action distribution invariance (bonus-only)
  Training PPO for coord_only_rep...
  Training PPO for coord_only_goal_rep...
  Training PPO for coord_plus_nuisance_rep...
  Training PPO for coord_plus_nuisance_goal_rep...
  Training PPO for crtr_learned_rep...
  Training PPO for crtr_learned_goal_rep...
  Training PPO for idm_learned_rep...
  Training PPO for idm_learned_goal_rep...
Stage 4: Online joint representations + bonus + PPO (rep)

=== Delay Action Queue (Large) (slippery_large) ===
Stage 1: Representation invariance metrics
Stage 2: Elliptical bonus metrics + heatmaps
Stage 3: PPO action distribution invariance (bonus-only)
  Training PPO for coord_only_raw...
  Training PPO for coord_only_goal_raw...
  Training PPO for coord_plus_nuisance_raw...
  Training PPO for coord_plus_nuisance_goal_raw...
  Training PPO for crtr_learned_raw...
  Training PPO for crtr_learned_goal_raw...
  Training PPO for idm_learned_raw...
  Training PPO for idm_learned_goal_raw...
Stage 4: Online joint representations + bonus + PPO (raw)
    train step   5000/20000 | loss=5.2486
    train step  10000/20000 | loss=5.2980
    train step  15000/20000 | loss=5.2708
    train step  20000/20000 | loss=5.2280
    train step   5000/20000 | loss=1.3105
    train step  10000/20000 | loss=1.2483
    train step  15000/20000 | loss=1.1914
    train step  20000/20000 | loss=1.1410

=== Teacup Maze (Large) (teacup_large) ===
Stage 1: Representation invariance metrics
Stage 2: Elliptical bonus metrics + heatmaps
Stage 3: PPO action distribution invariance (bonus-only)
  Training PPO for coord_only_rep...
  Training PPO for coord_only_goal_rep...
  Training PPO for coord_plus_nuisance_rep...
  Training PPO for coord_plus_nuisance_goal_rep...
  Training PPO for crtr_learned_rep...
  Training PPO for crtr_learned_goal_rep...
  Training PPO for idm_learned_rep...
  Training PPO for idm_learned_goal_rep...
Stage 4: Online joint representations + bonus + PPO (rep)

=== Teacup Maze (Large) (teacup_large) ===
Stage 1: Representation invariance metrics
Stage 2: Elliptical bonus metrics + heatmaps
Stage 3: PPO action distribution invariance (bonus-only)
  Training PPO for coord_only_raw...
  Training PPO for coord_only_goal_raw...
  Training PPO for coord_plus_nuisance_raw...
  Training PPO for coord_plus_nuisance_goal_raw...
  Training PPO for crtr_learned_raw...
  Training PPO for crtr_learned_goal_raw...
  Training PPO for idm_learned_raw...
  Training PPO for idm_learned_goal_raw...
Stage 4: Online joint representations + bonus + PPO (raw)
Study complete. Outputs in: /home/js6726/invariance_aware/periodicity_study/outputs_sweep/comb_5
