Sweep flags:  --use-alpha-anneal --use-two-critic

=== Periodicity (periodicity) ===
Stage 1: Representation invariance metrics
Stage 2: Elliptical bonus metrics + heatmaps
Stage 3: PPO action distribution invariance (bonus-only)
  Training PPO for coord_only_rep...
  Training PPO for coord_only_goal_rep...
  Training PPO for coord_plus_nuisance_rep...
  Training PPO for coord_plus_nuisance_goal_rep...
  Training PPO for crtr_learned_rep...
  Training PPO for crtr_learned_goal_rep...
  Training PPO for idm_learned_rep...
  Training PPO for idm_learned_goal_rep...
Stage 4: Online joint representations + bonus + PPO (rep)

=== Periodicity (periodicity) ===
Stage 1: Representation invariance metrics
Stage 2: Elliptical bonus metrics + heatmaps
Stage 3: PPO action distribution invariance (bonus-only)
  Training PPO for coord_only_raw...
  Training PPO for coord_only_goal_raw...
  Training PPO for coord_plus_nuisance_raw...
  Training PPO for coord_plus_nuisance_goal_raw...
  Training PPO for crtr_learned_raw...
  Training PPO for crtr_learned_goal_raw...
  Training PPO for idm_learned_raw...
  Training PPO for idm_learned_goal_raw...
Stage 4: Online joint representations + bonus + PPO (raw)
    train step   5000/20000 | loss=5.2505
    train step  10000/20000 | loss=5.2513
    train step  15000/20000 | loss=5.2614
    train step  20000/20000 | loss=5.2441
    train step   5000/20000 | loss=1.3893
    train step  10000/20000 | loss=1.3838
    train step  15000/20000 | loss=1.3876
    train step  20000/20000 | loss=1.3860

=== Delay Action Queue (slippery) ===
Stage 1: Representation invariance metrics
Stage 2: Elliptical bonus metrics + heatmaps
Stage 3: PPO action distribution invariance (bonus-only)
  Training PPO for coord_only_rep...
  Training PPO for coord_only_goal_rep...
  Training PPO for coord_plus_nuisance_rep...
  Training PPO for coord_plus_nuisance_goal_rep...
  Training PPO for crtr_learned_rep...
  Training PPO for crtr_learned_goal_rep...
  Training PPO for idm_learned_rep...
  Training PPO for idm_learned_goal_rep...
Stage 4: Online joint representations + bonus + PPO (rep)

=== Delay Action Queue (slippery) ===
Stage 1: Representation invariance metrics
Stage 2: Elliptical bonus metrics + heatmaps
Stage 3: PPO action distribution invariance (bonus-only)
  Training PPO for coord_only_raw...
  Training PPO for coord_only_goal_raw...
  Training PPO for coord_plus_nuisance_raw...
  Training PPO for coord_plus_nuisance_goal_raw...
  Training PPO for crtr_learned_raw...
  Training PPO for crtr_learned_goal_raw...
  Training PPO for idm_learned_raw...
  Training PPO for idm_learned_goal_raw...
Stage 4: Online joint representations + bonus + PPO (raw)
    train step   5000/20000 | loss=5.3228
    train step  10000/20000 | loss=5.3460
    train step  15000/20000 | loss=5.3339
    train step  20000/20000 | loss=5.3187
    train step   5000/20000 | loss=1.0221
    train step  10000/20000 | loss=0.7903
    train step  15000/20000 | loss=0.6893
    train step  20000/20000 | loss=0.5600

=== Teacup Maze (teacup) ===
Stage 1: Representation invariance metrics
Stage 2: Elliptical bonus metrics + heatmaps
Stage 3: PPO action distribution invariance (bonus-only)
  Training PPO for coord_only_rep...
  Training PPO for coord_only_goal_rep...
  Training PPO for coord_plus_nuisance_rep...
  Training PPO for coord_plus_nuisance_goal_rep...
  Training PPO for crtr_learned_rep...
  Training PPO for crtr_learned_goal_rep...
  Training PPO for idm_learned_rep...
  Training PPO for idm_learned_goal_rep...
Stage 4: Online joint representations + bonus + PPO (rep)

=== Teacup Maze (teacup) ===
Stage 1: Representation invariance metrics
Stage 2: Elliptical bonus metrics + heatmaps
Stage 3: PPO action distribution invariance (bonus-only)
  Training PPO for coord_only_raw...
  Training PPO for coord_only_goal_raw...
  Training PPO for coord_plus_nuisance_raw...
  Training PPO for coord_plus_nuisance_goal_raw...
  Training PPO for crtr_learned_raw...
  Training PPO for crtr_learned_goal_raw...
  Training PPO for idm_learned_raw...
  Training PPO for idm_learned_goal_raw...
Stage 4: Online joint representations + bonus + PPO (raw)
    train step   5000/20000 | loss=5.2318
    train step  10000/20000 | loss=5.2261
    train step  15000/20000 | loss=5.2143
    train step  20000/20000 | loss=5.2169
    train step   5000/20000 | loss=1.3468
    train step  10000/20000 | loss=1.2700
    train step  15000/20000 | loss=1.1290
    train step  20000/20000 | loss=1.0319

=== Periodicity (Large) (periodicity_large) ===
Stage 1: Representation invariance metrics
Stage 2: Elliptical bonus metrics + heatmaps
Stage 3: PPO action distribution invariance (bonus-only)
  Training PPO for coord_only_rep...
  Training PPO for coord_only_goal_rep...
  Training PPO for coord_plus_nuisance_rep...
  Training PPO for coord_plus_nuisance_goal_rep...
  Training PPO for crtr_learned_rep...
  Training PPO for crtr_learned_goal_rep...
  Training PPO for idm_learned_rep...
  Training PPO for idm_learned_goal_rep...
Stage 4: Online joint representations + bonus + PPO (rep)

=== Periodicity (Large) (periodicity_large) ===
Stage 1: Representation invariance metrics
Stage 2: Elliptical bonus metrics + heatmaps
Stage 3: PPO action distribution invariance (bonus-only)
  Training PPO for coord_only_raw...
  Training PPO for coord_only_goal_raw...
  Training PPO for coord_plus_nuisance_raw...
  Training PPO for coord_plus_nuisance_goal_raw...
  Training PPO for crtr_learned_raw...
  Training PPO for crtr_learned_goal_raw...
  Training PPO for idm_learned_raw...
  Training PPO for idm_learned_goal_raw...
Stage 4: Online joint representations + bonus + PPO (raw)
    train step   5000/20000 | loss=5.2221
    train step  10000/20000 | loss=5.2208
    train step  15000/20000 | loss=5.2137
    train step  20000/20000 | loss=5.2145
    train step   5000/20000 | loss=1.3866
    train step  10000/20000 | loss=1.3870
    train step  15000/20000 | loss=1.3844
    train step  20000/20000 | loss=1.3858

=== Delay Action Queue (Large) (slippery_large) ===
Stage 1: Representation invariance metrics
Stage 2: Elliptical bonus metrics + heatmaps
Stage 3: PPO action distribution invariance (bonus-only)
  Training PPO for coord_only_rep...
  Training PPO for coord_only_goal_rep...
  Training PPO for coord_plus_nuisance_rep...
  Training PPO for coord_plus_nuisance_goal_rep...
  Training PPO for crtr_learned_rep...
  Training PPO for crtr_learned_goal_rep...
  Training PPO for idm_learned_rep...
  Training PPO for idm_learned_goal_rep...
Stage 4: Online joint representations + bonus + PPO (rep)

=== Delay Action Queue (Large) (slippery_large) ===
Stage 1: Representation invariance metrics
Stage 2: Elliptical bonus metrics + heatmaps
Stage 3: PPO action distribution invariance (bonus-only)
  Training PPO for coord_only_raw...
  Training PPO for coord_only_goal_raw...
  Training PPO for coord_plus_nuisance_raw...
  Training PPO for coord_plus_nuisance_goal_raw...
  Training PPO for crtr_learned_raw...
  Training PPO for crtr_learned_goal_raw...
  Training PPO for idm_learned_raw...
  Training PPO for idm_learned_goal_raw...
Stage 4: Online joint representations + bonus + PPO (raw)
    train step   5000/20000 | loss=5.2293
    train step  10000/20000 | loss=5.2357
    train step  15000/20000 | loss=5.2665
    train step  20000/20000 | loss=5.2387
    train step   5000/20000 | loss=1.3147
    train step  10000/20000 | loss=1.2620
    train step  15000/20000 | loss=1.2068
    train step  20000/20000 | loss=1.1466

=== Teacup Maze (Large) (teacup_large) ===
Stage 1: Representation invariance metrics
Stage 2: Elliptical bonus metrics + heatmaps
Stage 3: PPO action distribution invariance (bonus-only)
  Training PPO for coord_only_rep...
  Training PPO for coord_only_goal_rep...
  Training PPO for coord_plus_nuisance_rep...
  Training PPO for coord_plus_nuisance_goal_rep...
  Training PPO for crtr_learned_rep...
  Training PPO for crtr_learned_goal_rep...
  Training PPO for idm_learned_rep...
  Training PPO for idm_learned_goal_rep...
Stage 4: Online joint representations + bonus + PPO (rep)

=== Teacup Maze (Large) (teacup_large) ===
Stage 1: Representation invariance metrics
Stage 2: Elliptical bonus metrics + heatmaps
Stage 3: PPO action distribution invariance (bonus-only)
  Training PPO for coord_only_raw...
  Training PPO for coord_only_goal_raw...
  Training PPO for coord_plus_nuisance_raw...
  Training PPO for coord_plus_nuisance_goal_raw...
  Training PPO for crtr_learned_raw...
  Training PPO for crtr_learned_goal_raw...
  Training PPO for idm_learned_raw...
  Training PPO for idm_learned_goal_raw...
Stage 4: Online joint representations + bonus + PPO (raw)
Study complete. Outputs in: /home/js6726/invariance_aware/periodicity_study/outputs_sweep/comb_3
