Sweep flags:  --use-two-critic --use-int-norm

=== Periodicity (periodicity) ===
Stage 1: Representation invariance metrics
Stage 2: Elliptical bonus metrics + heatmaps
Stage 3: PPO action distribution invariance (bonus-only)
  Training PPO for coord_only_rep...
  Training PPO for coord_only_goal_rep...
  Training PPO for coord_plus_nuisance_rep...
  Training PPO for coord_plus_nuisance_goal_rep...
  Training PPO for crtr_learned_rep...
  Training PPO for crtr_learned_goal_rep...
  Training PPO for idm_learned_rep...
  Training PPO for idm_learned_goal_rep...
Stage 4: Online joint representations + bonus + PPO (rep)

=== Periodicity (periodicity) ===
Stage 1: Representation invariance metrics
Stage 2: Elliptical bonus metrics + heatmaps
Stage 3: PPO action distribution invariance (bonus-only)
  Training PPO for coord_only_raw...
  Training PPO for coord_only_goal_raw...
  Training PPO for coord_plus_nuisance_raw...
  Training PPO for coord_plus_nuisance_goal_raw...
  Training PPO for crtr_learned_raw...
  Training PPO for crtr_learned_goal_raw...
  Training PPO for idm_learned_raw...
  Training PPO for idm_learned_goal_raw...
Stage 4: Online joint representations + bonus + PPO (raw)
    train step   5000/20000 | loss=5.2358
    train step  10000/20000 | loss=5.2581
    train step  15000/20000 | loss=5.2492
    train step  20000/20000 | loss=5.2402
    train step   5000/20000 | loss=1.3887
    train step  10000/20000 | loss=1.3804
    train step  15000/20000 | loss=1.3939
    train step  20000/20000 | loss=1.3874

=== Delay Action Queue (slippery) ===
Stage 1: Representation invariance metrics
Stage 2: Elliptical bonus metrics + heatmaps
Stage 3: PPO action distribution invariance (bonus-only)
  Training PPO for coord_only_rep...
  Training PPO for coord_only_goal_rep...
  Training PPO for coord_plus_nuisance_rep...
  Training PPO for coord_plus_nuisance_goal_rep...
  Training PPO for crtr_learned_rep...
  Training PPO for crtr_learned_goal_rep...
  Training PPO for idm_learned_rep...
  Training PPO for idm_learned_goal_rep...
Stage 4: Online joint representations + bonus + PPO (rep)

=== Delay Action Queue (slippery) ===
Stage 1: Representation invariance metrics
Stage 2: Elliptical bonus metrics + heatmaps
Stage 3: PPO action distribution invariance (bonus-only)
  Training PPO for coord_only_raw...
  Training PPO for coord_only_goal_raw...
  Training PPO for coord_plus_nuisance_raw...
  Training PPO for coord_plus_nuisance_goal_raw...
  Training PPO for crtr_learned_raw...
  Training PPO for crtr_learned_goal_raw...
  Training PPO for idm_learned_raw...
  Training PPO for idm_learned_goal_raw...
Stage 4: Online joint representations + bonus + PPO (raw)
    train step   5000/20000 | loss=5.3167
    train step  10000/20000 | loss=5.3106
    train step  15000/20000 | loss=5.3076
    train step  20000/20000 | loss=5.3291
    train step   5000/20000 | loss=1.0574
    train step  10000/20000 | loss=0.8113
    train step  15000/20000 | loss=0.6450
    train step  20000/20000 | loss=0.5624

=== Teacup Maze (teacup) ===
Stage 1: Representation invariance metrics
Stage 2: Elliptical bonus metrics + heatmaps
Stage 3: PPO action distribution invariance (bonus-only)
  Training PPO for coord_only_rep...
  Training PPO for coord_only_goal_rep...
  Training PPO for coord_plus_nuisance_rep...
  Training PPO for coord_plus_nuisance_goal_rep...
  Training PPO for crtr_learned_rep...
  Training PPO for crtr_learned_goal_rep...
  Training PPO for idm_learned_rep...
  Training PPO for idm_learned_goal_rep...
Stage 4: Online joint representations + bonus + PPO (rep)

=== Teacup Maze (teacup) ===
Stage 1: Representation invariance metrics
Stage 2: Elliptical bonus metrics + heatmaps
Stage 3: PPO action distribution invariance (bonus-only)
  Training PPO for coord_only_raw...
  Training PPO for coord_only_goal_raw...
  Training PPO for coord_plus_nuisance_raw...
  Training PPO for coord_plus_nuisance_goal_raw...
  Training PPO for crtr_learned_raw...
  Training PPO for crtr_learned_goal_raw...
  Training PPO for idm_learned_raw...
  Training PPO for idm_learned_goal_raw...
Stage 4: Online joint representations + bonus + PPO (raw)
    train step   5000/20000 | loss=5.2355
    train step  10000/20000 | loss=5.2276
    train step  15000/20000 | loss=5.2164
    train step  20000/20000 | loss=5.2168
    train step   5000/20000 | loss=1.3361
    train step  10000/20000 | loss=1.2730
    train step  15000/20000 | loss=1.2258
    train step  20000/20000 | loss=1.1316

=== Periodicity (Large) (periodicity_large) ===
Stage 1: Representation invariance metrics
Stage 2: Elliptical bonus metrics + heatmaps
Stage 3: PPO action distribution invariance (bonus-only)
  Training PPO for coord_only_rep...
  Training PPO for coord_only_goal_rep...
  Training PPO for coord_plus_nuisance_rep...
  Training PPO for coord_plus_nuisance_goal_rep...
  Training PPO for crtr_learned_rep...
  Training PPO for crtr_learned_goal_rep...
  Training PPO for idm_learned_rep...
  Training PPO for idm_learned_goal_rep...
Stage 4: Online joint representations + bonus + PPO (rep)

=== Periodicity (Large) (periodicity_large) ===
Stage 1: Representation invariance metrics
Stage 2: Elliptical bonus metrics + heatmaps
Stage 3: PPO action distribution invariance (bonus-only)
  Training PPO for coord_only_raw...
  Training PPO for coord_only_goal_raw...
  Training PPO for coord_plus_nuisance_raw...
  Training PPO for coord_plus_nuisance_goal_raw...
  Training PPO for crtr_learned_raw...
  Training PPO for crtr_learned_goal_raw...
  Training PPO for idm_learned_raw...
  Training PPO for idm_learned_goal_raw...
Stage 4: Online joint representations + bonus + PPO (raw)
    train step   5000/20000 | loss=5.2187
    train step  10000/20000 | loss=5.2242
    train step  15000/20000 | loss=5.2173
    train step  20000/20000 | loss=5.2113
    train step   5000/20000 | loss=1.3848
    train step  10000/20000 | loss=1.3846
    train step  15000/20000 | loss=1.3890
    train step  20000/20000 | loss=1.3825

=== Delay Action Queue (Large) (slippery_large) ===
Stage 1: Representation invariance metrics
Stage 2: Elliptical bonus metrics + heatmaps
Stage 3: PPO action distribution invariance (bonus-only)
  Training PPO for coord_only_rep...
  Training PPO for coord_only_goal_rep...
  Training PPO for coord_plus_nuisance_rep...
  Training PPO for coord_plus_nuisance_goal_rep...
  Training PPO for crtr_learned_rep...
  Training PPO for crtr_learned_goal_rep...
  Training PPO for idm_learned_rep...
  Training PPO for idm_learned_goal_rep...
Stage 4: Online joint representations + bonus + PPO (rep)

=== Delay Action Queue (Large) (slippery_large) ===
Stage 1: Representation invariance metrics
Stage 2: Elliptical bonus metrics + heatmaps
Stage 3: PPO action distribution invariance (bonus-only)
  Training PPO for coord_only_raw...
  Training PPO for coord_only_goal_raw...
  Training PPO for coord_plus_nuisance_raw...
  Training PPO for coord_plus_nuisance_goal_raw...
  Training PPO for crtr_learned_raw...
  Training PPO for crtr_learned_goal_raw...
  Training PPO for idm_learned_raw...
  Training PPO for idm_learned_goal_raw...
Stage 4: Online joint representations + bonus + PPO (raw)
    train step   5000/20000 | loss=5.2713
    train step  10000/20000 | loss=5.2401
    train step  15000/20000 | loss=5.2533
    train step  20000/20000 | loss=5.2319
    train step   5000/20000 | loss=1.3107
    train step  10000/20000 | loss=1.2658
    train step  15000/20000 | loss=1.1757
    train step  20000/20000 | loss=1.1197

=== Teacup Maze (Large) (teacup_large) ===
Stage 1: Representation invariance metrics
Stage 2: Elliptical bonus metrics + heatmaps
Stage 3: PPO action distribution invariance (bonus-only)
  Training PPO for coord_only_rep...
  Training PPO for coord_only_goal_rep...
  Training PPO for coord_plus_nuisance_rep...
  Training PPO for coord_plus_nuisance_goal_rep...
  Training PPO for crtr_learned_rep...
  Training PPO for crtr_learned_goal_rep...
  Training PPO for idm_learned_rep...
  Training PPO for idm_learned_goal_rep...
Stage 4: Online joint representations + bonus + PPO (rep)

=== Teacup Maze (Large) (teacup_large) ===
Stage 1: Representation invariance metrics
Stage 2: Elliptical bonus metrics + heatmaps
Stage 3: PPO action distribution invariance (bonus-only)
  Training PPO for coord_only_raw...
  Training PPO for coord_only_goal_raw...
  Training PPO for coord_plus_nuisance_raw...
  Training PPO for coord_plus_nuisance_goal_raw...
  Training PPO for crtr_learned_raw...
  Training PPO for crtr_learned_goal_raw...
  Training PPO for idm_learned_raw...
  Training PPO for idm_learned_goal_raw...
Stage 4: Online joint representations + bonus + PPO (raw)
Study complete. Outputs in: /home/js6726/invariance_aware/periodicity_study/outputs_sweep/comb_10
